 pro(hello)
  routine : 
   routineHead : 
    labelPart : 
     
    constPart : 
     
    typePart : 
     
    varPart : 
     decList : 
       varDec : 
        Field : 
         NameList : 
          Name : ans


         Type : 
          SimpleTy : 
           SysTy : 
            integer


    routinePart : 
     decList : 
       routineDec : 
        gcd : 
         FieldList : 
           Field : 
            NameList : 
             Name : a

              Name : b


            Type : 
             SimpleTy : 
              SysTy : 
               integer



         SysTy : 
          integer

         routine : 
          routineHead : 
           labelPart : 
            
           constPart : 
            
           typePart : 
            
           varPart : 
            
           routinePart : 
            

          routineBody : 
           CompoundStmt : 
            StmtList : 
             LabelStmt : 
              Int : 
               -1

              IfStmt : 
               OpExp : 
                EQUAL
                VarExp : 
                 simpleVar : 
                  b

                ConstExp : 
                 Int : 
                  0

               LabelStmt : 
                Int : 
                 -1

                CompoundStmt : 
                 StmtList : 
                  LabelStmt : 
                   Int : 
                    -1

                   AssignStmt : 
                    simpleVar : 
                     gcd

                    VarExp : 
                     simpleVar : 
                      a



               LabelStmt : 
                Int : 
                 -1

                CompoundStmt : 
                 StmtList : 
                  LabelStmt : 
                   Int : 
                    -1

                   AssignStmt : 
                    simpleVar : 
                     gcd

                    FuncExp : 
                      Func : 
                      gcd
                      ArgsList : 








   routineBody : 
    CompoundStmt : 
     StmtList : 
      LabelStmt : 
       Int : 
        -1

       AssignStmt : 
        simpleVar : 
         ans

        OpExp : 
         TIMES
         FuncExp : 
           Func : 
           gcd
           ArgsList : 


         FuncExp : 
           Func : 
           gcd
           ArgsList : 


       LabelStmt : 
        Int : 
         -1

        ProcStmt : 
          Func : 
          printf
          ArgsList : 




